# JRE version: Java(TM) SE Runtime Environment (19.0+36) (build 19+36-2238)
# Java VM: Java HotSpot(TM) 64-Bit Server VM (19+36-2238, mixed mode, sharing, tiered, compressed oops, compressed class ptrs, g1 gc, windows-amd64)
GC Precious Log:
 CardTable entry size: 512
 Card Set container configuration: InlinePtr #cards 5 size 8 Array Of Cards #cards 12 size 40 Howl #buckets 4 coarsen threshold 1843 Howl Bitmap #cards 512 size 80 coarsen threshold 460 Card regions per heap region 1 cards per card region 2048
 CPUs: 8 total, 8 available
 Memory: 3899M
 Large Page Support: Disabled
 NUMA Support: Disabled
 Compressed Oops: Enabled (32-bit)
 Heap Region Size: 1M
 Heap Min Capacity: 8M
 Heap Initial Capacity: 62M
 Heap Max Capacity: 976M
 Pre-touch: Disabled
 Parallel Workers: 8
 Concurrent Workers: 2
 Concurrent Refinement Workers: 8
 Periodic GC: Disabled
Heap:
 garbage-first heap   total 102400K, used 49910K [0x00000000c3000000, 0x0000000100000000)
  region size 1024K, 24 young (24576K), 2 survivors (2048K)
 Metaspace       used 66503K, committed 67200K, reserved 1114112K
  class space    used 8615K, committed 8960K, reserved 1048576K
GC Heap History (20 events):
Event: 3.990 GC heap before
{Heap before GC invocations=7 (full 0):
 garbage-first heap   total 48128K, used 25905K [0x00000000c3000000, 0x0000000100000000)
  region size 1024K, 11 young (11264K), 2 survivors (2048K)
 Metaspace       used 35520K, committed 35968K, reserved 1114112K
  class space    used 4435K, committed 4672K, reserved 1048576K
}
Event: 3.992 GC heap after
{Heap after GC invocations=8 (full 0):
 garbage-first heap   total 48128K, used 18335K [0x00000000c3000000, 0x0000000100000000)
  region size 1024K, 2 young (2048K), 2 survivors (2048K)
 Metaspace       used 35520K, committed 35968K, reserved 1114112K
  class space    used 4435K, committed 4672K, reserved 1048576K
}
Event: 4.575 GC heap before
{Heap before GC invocations=9 (full 0):
 garbage-first heap   total 48128K, used 35743K [0x00000000c3000000, 0x0000000100000000)
  region size 1024K, 19 young (19456K), 2 survivors (2048K)
 Metaspace       used 43734K, committed 44224K, reserved 1114112K
  class space    used 5465K, committed 5696K, reserved 1048576K
}
Event: 4.579 GC heap after
{Heap after GC invocations=10 (full 0):
 garbage-first heap   total 58368K, used 20263K [0x00000000c3000000, 0x0000000100000000)
  region size 1024K, 3 young (3072K), 3 survivors (3072K)
 Metaspace       used 43734K, committed 44224K, reserved 1114112K
  class space    used 5465K, committed 5696K, reserved 1048576K
}
Event: 4.595 GC heap before
{Heap before GC invocations=10 (full 0):
 garbage-first heap   total 58368K, used 21287K [0x00000000c3000000, 0x0000000100000000)
  region size 1024K, 4 young (4096K), 3 survivors (3072K)
 Metaspace       used 44082K, committed 44544K, reserved 1114112K
  class space    used 5484K, committed 5696K, reserved 1048576K
}
Event: 4.599 GC heap after
{Heap after GC invocations=11 (full 0):
 garbage-first heap   total 58368K, used 20247K [0x00000000c3000000, 0x0000000100000000)
  region size 1024K, 1 young (1024K), 1 survivors (1024K)
 Metaspace       used 44082K, committed 44544K, reserved 1114112K
  class space    used 5484K, committed 5696K, reserved 1048576K
}
Event: 5.082 GC heap before
{Heap before GC invocations=11 (full 0):
 garbage-first heap   total 58368K, used 40727K [0x00000000c3000000, 0x0000000100000000)
  region size 1024K, 22 young (22528K), 1 survivors (1024K)
 Metaspace       used 50714K, committed 51136K, reserved 1114112K
  class space    used 6541K, committed 6720K, reserved 1048576K
}
Event: 5.085 GC heap after
{Heap after GC invocations=12 (full 0):
 garbage-first heap   total 58368K, used 21274K [0x00000000c3000000, 0x0000000100000000)
  region size 1024K, 2 young (2048K), 2 survivors (2048K)
 Metaspace       used 50714K, committed 51136K, reserved 1114112K
  class space    used 6541K, committed 6720K, reserved 1048576K
}
Event: 5.538 GC heap before
{Heap before GC invocations=12 (full 0):
 garbage-first heap   total 58368K, used 42778K [0x00000000c3000000, 0x0000000100000000)
  region size 1024K, 23 young (23552K), 2 survivors (2048K)
 Metaspace       used 54939K, committed 55424K, reserved 1114112K
  class space    used 7097K, committed 7360K, reserved 1048576K
}
Event: 5.542 GC heap after
{Heap after GC invocations=13 (full 0):
 garbage-first heap   total 58368K, used 22958K [0x00000000c3000000, 0x0000000100000000)
  region size 1024K, 3 young (3072K), 3 survivors (3072K)
 Metaspace       used 54939K, committed 55424K, reserved 1114112K
  class space    used 7097K, committed 7360K, reserved 1048576K
}
Event: 6.035 GC heap before
{Heap before GC invocations=13 (full 0):
 garbage-first heap   total 58368K, used 44462K [0x00000000c3000000, 0x0000000100000000)
  region size 1024K, 24 young (24576K), 3 survivors (3072K)
 Metaspace       used 57915K, committed 58432K, reserved 1114112K
  class space    used 7488K, committed 7744K, reserved 1048576K
}
Event: 6.041 GC heap after
{Heap after GC invocations=14 (full 0):
 garbage-first heap   total 58368K, used 25390K [0x00000000c3000000, 0x0000000100000000)
  region size 1024K, 3 young (3072K), 3 survivors (3072K)
 Metaspace       used 57915K, committed 58432K, reserved 1114112K
  class space    used 7488K, committed 7744K, reserved 1048576K
}
Event: 477.066 GC heap before
{Heap before GC invocations=14 (full 0):
 garbage-first heap   total 58368K, used 31534K [0x00000000c3000000, 0x0000000100000000)
  region size 1024K, 10 young (10240K), 3 survivors (3072K)
 Metaspace       used 59739K, committed 60288K, reserved 1114112K
  class space    used 7698K, committed 8000K, reserved 1048576K
}
Event: 477.104 GC heap after
{Heap after GC invocations=15 (full 0):
 garbage-first heap   total 58368K, used 25961K [0x00000000c3000000, 0x0000000100000000)
  region size 1024K, 1 young (1024K), 1 survivors (1024K)
 Metaspace       used 59739K, committed 60288K, reserved 1114112K
  class space    used 7698K, committed 8000K, reserved 1048576K
}
Event: 477.702 GC heap before
{Heap before GC invocations=16 (full 0):
 garbage-first heap   total 58368K, used 45417K [0x00000000c3000000, 0x0000000100000000)
  region size 1024K, 20 young (20480K), 1 survivors (1024K)
 Metaspace       used 63255K, committed 63808K, reserved 1114112K
  class space    used 8304K, committed 8576K, reserved 1048576K
}
Event: 477.707 GC heap after
{Heap after GC invocations=17 (full 0):
 garbage-first heap   total 58368K, used 27237K [0x00000000c3000000, 0x0000000100000000)
  region size 1024K, 3 young (3072K), 3 survivors (3072K)
 Metaspace       used 63255K, committed 63808K, reserved 1114112K
  class space    used 8304K, committed 8576K, reserved 1048576K
}
Event: 477.716 GC heap before
{Heap before GC invocations=17 (full 0):
 garbage-first heap   total 58368K, used 27237K [0x00000000c3000000, 0x0000000100000000)
  region size 1024K, 4 young (4096K), 3 survivors (3072K)
 Metaspace       used 63313K, committed 63936K, reserved 1114112K
  class space    used 8320K, committed 8640K, reserved 1048576K
}
Event: 477.726 GC heap after
{Heap after GC invocations=18 (full 0):
 garbage-first heap   total 58368K, used 27456K [0x00000000c3000000, 0x0000000100000000)
  region size 1024K, 1 young (1024K), 1 survivors (1024K)
 Metaspace       used 63313K, committed 63936K, reserved 1114112K
  class space    used 8320K, committed 8640K, reserved 1048576K
}
Event: 3559.910 GC heap before
{Heap before GC invocations=18 (full 0):
 garbage-first heap   total 58368K, used 43840K [0x00000000c3000000, 0x0000000100000000)
  region size 1024K, 18 young (18432K), 1 survivors (1024K)
 Metaspace       used 66390K, committed 67008K, reserved 1114112K
  class space    used 8678K, committed 8960K, reserved 1048576K
}
Event: 3559.950 GC heap after
{Heap after GC invocations=19 (full 0):
 garbage-first heap   total 138240K, used 28406K [0x00000000c3000000, 0x0000000100000000)
  region size 1024K, 2 young (2048K), 2 survivors (2048K)
 Metaspace       used 66390K, committed 67008K, reserved 1114112K
  class space    used 8678K, committed 8960K, reserved 1048576K
}

